2024-05-29 16:32:49 - Inside Logic
2024-05-29 16:32:49 - Form submitted
2024-05-29 16:32:49 - Post review info;
2024-05-29 16:32:49 - The effects sucked
2024-05-29 16:32:49 - 1
2024-05-29 16:32:49 - 6
2024-05-29 16:32:49 - 1
2024-05-29 16:32:49 - Post added to the database
2024-05-29 16:34:19 - add like
2024-05-29 23:28:56 - Login Logic submit has accepted
2024-05-29 23:28:56 - Login Logic: form is being proccesed
2024-05-29 23:28:56 - Login Logic: User logged in successfully
2024-05-29 23:29:43 - Inside Logic
2024-05-29 23:29:43 - Form submitted
2024-05-29 23:29:43 - Post review info;
2024-05-29 23:29:43 - 
2024-05-29 23:29:43 - 1
2024-05-29 23:29:43 - 5
2024-05-29 23:29:43 - 1
2024-05-29 23:29:43 - Post added to the database
2024-05-29 23:30:15 - Inside Logic
2024-05-29 23:30:15 - Form submitted
2024-05-29 23:30:15 - Post review info;
2024-05-29 23:30:15 - iyiydi
2024-05-29 23:30:15 - 5
2024-05-29 23:30:15 - 1
2024-05-29 23:30:15 - 1
2024-05-29 23:30:15 - Post added to the database
2024-05-29 23:30:27 - add like
2024-05-29 23:30:28 - add like
2024-05-29 23:30:34 - add like
2024-05-29 23:30:35 - remove like
2024-05-29 23:31:02 - add like
2024-05-29 23:31:11 - add like
2024-05-29 23:31:51 - add like
2024-05-29 23:32:05 - Inside Logic
2024-05-29 23:32:05 - Form submitted
2024-05-29 23:32:05 - Post review info;
2024-05-29 23:32:05 - asasas
2024-05-29 23:32:05 - 4
2024-05-29 23:32:05 - 2
2024-05-29 23:32:05 - 18
2024-05-29 23:32:05 - Post added to the database
2024-05-29 23:32:14 - add like
2024-05-29 23:32:45 - add like
2024-05-29 23:32:53 - remove like
2024-05-29 23:35:12 - Login Logic submit has accepted
2024-05-29 23:35:12 - Login Logic: form is being proccesed
2024-05-29 23:35:12 - Login Logic: User logged in successfully
2024-05-30 08:57:47 - add like
2024-05-30 08:57:47 - add like
2024-05-30 08:57:49 - add like
2024-05-30 08:57:50 - add like
2024-05-30 08:58:22 - Inside Logic
2024-05-30 08:58:22 - Form submitted
2024-05-30 08:58:22 - Post review info;
2024-05-30 08:58:22 - errrr
2024-05-30 08:58:22 - 4
2024-05-30 08:58:22 - 2
2024-05-30 08:58:22 - 19
2024-05-30 08:58:22 - Post added to the database
2024-05-30 08:58:45 - add like
2024-05-30 08:58:52 - add like
2024-05-30 08:59:15 - Inside update post logic
2024-05-30 08:59:15 - Update-Post-Logic:Form submitted
2024-05-30 08:59:15 - Username from session:dogu
2024-05-30 08:59:15 - User ID:19
2024-05-30 08:59:15 - 2
2024-05-30 08:59:15 - 19
2024-05-30 08:59:15 - 15
2024-05-30 08:59:15 - Post with the 15 has been updated
2024-05-30 08:59:41 - Search Logic:form is being proccesed
2024-05-30 08:59:50 - Search Logic:form is being proccesed
2024-05-30 09:23:17 - Login Logic submit has accepted
2024-05-30 09:23:17 - Login Logic: form is being proccesed
2024-05-30 09:23:18 - Login Logic: User logged in successfully
2024-05-30 09:29:08 - Login Logic submit has accepted
2024-05-30 09:29:08 - Login Logic: form is being proccesed
2024-05-30 09:29:09 - Login Logic: User logged in successfully
2024-05-30 09:33:27 - Login Logic submit has accepted
2024-05-30 09:33:27 - Login Logic: form is being proccesed
2024-05-30 09:33:27 - Login Logic: User logged in successfully
2024-05-30 09:34:39 - Login Logic submit has accepted
2024-05-30 09:34:39 - Login Logic: form is being proccesed
2024-05-30 09:34:39 - Login Logic: User logged in successfully
2024-05-30 09:34:47 - Login Logic submit has accepted
2024-05-30 09:34:47 - Login Logic: form is being proccesed
2024-05-30 09:34:47 - Login Logic: User logged in successfully
2024-05-30 10:20:37 - add like
2024-05-30 10:20:40 - add like
2024-05-30 10:20:41 - add like
2024-05-30 10:20:42 - add like
2024-05-30 10:20:44 - add like
2024-05-30 10:20:51 - remove like
2024-05-30 10:21:48 - Inside Logic
2024-05-30 10:21:48 - Form submitted
2024-05-30 10:21:48 - Post review info;
2024-05-30 10:21:48 - asasas
2024-05-30 10:21:48 - 4
2024-05-30 10:21:48 - 5
2024-05-30 10:21:48 - 20
2024-05-30 10:21:48 - Post added to the database
2024-05-30 10:22:03 - Inside update post logic
2024-05-30 10:22:03 - Update-Post-Logic:Form submitted
2024-05-30 10:22:03 - Username from session:hoca
2024-05-30 10:22:03 - User ID:20
2024-05-30 10:22:03 - 5
2024-05-30 10:22:03 - 20
2024-05-30 10:22:03 - 16
2024-05-30 10:22:03 - Post with the 16 has been updated
2024-05-30 10:22:33 - Inside Logic
2024-05-30 10:22:33 - Form submitted
2024-05-30 10:22:33 - Post review info;
2024-05-30 10:22:33 - asasa
2024-05-30 10:22:33 - 3
2024-05-30 10:22:33 - 1
2024-05-30 10:22:33 - 20
2024-05-30 10:22:33 - Post added to the database
2024-05-30 10:22:50 - Login Logic submit has accepted
2024-05-30 10:22:50 - Login Logic: form is being proccesed
2024-05-30 10:22:50 - Login Logic: User logged in successfully
2024-05-30 10:23:01 - add like
2024-06-02 14:00:49 - Login Logic submit has accepted
2024-06-02 14:00:49 - Login Logic: form is being proccesed
2024-06-02 14:00:50 - Login Logic: User logged in successfully
2024-06-02 14:14:09 - Login Logic submit has accepted
2024-06-02 14:14:09 - Login Logic: form is being proccesed
2024-06-02 14:14:09 - Login Logic: User logged in successfully
2024-06-02 14:49:05 - Login Logic submit has accepted
2024-06-02 14:49:05 - Login Logic: form is being proccesed
2024-06-02 14:49:05 - Login Logic: User logged in successfully
2024-06-02 14:51:49 - Login Logic submit has accepted
2024-06-02 14:51:49 - Login Logic: form is being proccesed
2024-06-02 14:51:49 - Login Logic: User logged in successfully
2024-06-02 14:51:56 - add like
2024-06-02 14:51:57 - remove like
2024-06-02 14:52:34 - Search Logic:form is being proccesed
2024-06-02 14:53:41 - Inside Logic
2024-06-02 14:53:41 - Form submitted
2024-06-02 14:53:41 - Post review info;
2024-06-02 14:53:41 - woeeee
2024-06-02 14:53:41 - 1
2024-06-02 14:53:41 - 1
2024-06-02 14:53:41 - 1
2024-06-02 14:53:41 - Post added to the database
2024-06-02 15:07:13 - Login Logic submit has accepted
2024-06-02 15:07:13 - Login Logic: form is being proccesed
2024-06-02 15:07:13 - Login Logic: User logged in successfully
2024-06-04 13:28:35 - Login Logic submit has accepted
2024-06-04 13:28:35 - Login Logic: form is being proccesed
2024-06-04 13:28:35 - Login Logic: User logged in successfully
2024-06-05 15:01:16 - Login Logic submit has accepted
2024-06-05 15:01:16 - Login Logic: form is being proccesed
2024-06-05 15:01:17 - Login Logic: User logged in successfully
2024-06-05 15:11:02 - Login Logic submit has accepted
2024-06-05 15:11:02 - Login Logic: form is being proccesed
2024-06-05 15:11:02 - Login Logic: User logged in successfully
2024-06-05 15:11:17 - Login Logic submit has accepted
2024-06-05 15:11:17 - Login Logic: form is being proccesed
2024-06-05 15:11:17 - Login Logic: User logged in successfully
2024-06-05 19:05:00 - remove like
2024-06-05 19:18:20 - Login Logic submit has accepted
2024-06-05 19:18:20 - Login Logic: form is being proccesed
2024-06-05 19:18:20 - Login Logic: User logged in successfully
2024-06-05 19:42:18 - remove like
2024-06-07 16:08:28 - Login Logic submit has accepted
2024-06-07 16:08:28 - Login Logic: form is being proccesed
2024-06-07 16:08:29 - Login Logic: User logged in successfully
2024-06-07 16:19:21 - Login Logic submit has accepted
2024-06-07 16:19:21 - Login Logic: form is being proccesed
2024-06-07 16:19:21 - Login Logic: User logged in successfully
2024-06-07 16:34:07 - add like
2024-06-07 16:34:09 - add like
2024-06-07 16:34:10 - remove like
2024-06-07 16:45:55 - add like
2024-06-07 16:45:56 - remove like
2024-06-07 16:54:20 - add like
2024-06-07 17:13:19 - Login Logic submit has accepted
2024-06-07 17:13:19 - Login Logic: form is being proccesed
2024-06-07 17:13:19 - Login Logic: User logged in successfully
2024-06-07 19:11:16 - Login Logic submit has accepted
2024-06-07 19:11:16 - Login Logic: form is being proccesed
2024-06-07 19:11:16 - Login Logic: User logged in successfully
2024-06-07 20:20:30 - Login Logic submit has accepted
2024-06-07 20:20:30 - Login Logic: form is being proccesed
2024-06-07 20:20:30 - Login Logic: User logged in successfully
